/BATCH  
/COM,ANSYS RELEASE Release 17.0      BUILD 17.0      UP20151214       13:52:01
/input,menust,tmp,''
/GRA,POWER
/GST,ON
/PLO,INFO,3
/GRO,CURL,ON
/CPLANE,1   
/REPLOT,RESIZE  
WPSTYLE,,,,,,,,0
lab1.mac
lab1
key=1   
/DIST,1,0.924021086472,1
/REP,FAST   
/DIST,1,1.08222638492,1 
/REP,FAST   
!*  
/NOPR   
KEYW,PR_SET,1   
KEYW,PR_STRUC,1 
KEYW,PR_THERM,0 
KEYW,PR_FLUID,0 
KEYW,PR_ELMAG,0 
KEYW,MAGNOD,0   
KEYW,MAGEDG,0   
KEYW,MAGHFE,0   
KEYW,MAGELC,0   
KEYW,PR_MULTI,0 
/GO 
!*  
/COM,   
/COM,Preferences for GUI filtering have been set to display:
/COM,  Structural   
!*  
/REPLOT,RESIZE  
/REPLOT,RESIZE  
/REPLOT,RESIZE  
/REPLOT,RESIZE  
/REPLOT,RESIZE  
FINISH  
! /EXIT,NOSAV   
/BATCH  
/COM,ANSYS RELEASE Release 17.0      BUILD 17.0      UP20151214       14:06:06
/input,menust,tmp,''
/GRA,POWER
/GST,ON
/PLO,INFO,3
/GRO,CURL,ON
/CPLANE,1   
/REPLOT,RESIZE  
WPSTYLE,,,,,,,,0
/REPLOT,RESIZE  
/REPLOT,RESIZE  
/REPLOT,RESIZE  
!*  
/NOPR   
KEYW,PR_SET,1   
KEYW,PR_STRUC,1 
KEYW,PR_THERM,0 
KEYW,PR_FLUID,0 
KEYW,PR_ELMAG,0 
KEYW,MAGNOD,0   
KEYW,MAGEDG,0   
KEYW,MAGHFE,0   
KEYW,MAGELC,0   
KEYW,PR_MULTI,0 
/GO 
!*  
/COM,   
/COM,Preferences for GUI filtering have been set to display:
/COM,  Structural   
!*  
*SET,L1,20  
*SET,L2,40  
*SET,L3,60  
*SET,R1,20  
*SET,R2,R1  
*SET,H1,30  
*SET,B,6
*SET,H2,1   
*SET,E,2e5  
*SET,mu,0.3 
*SET,F,5
/PREP7  
!*  
ET,1,BEAM188
!*  
!*  
!*  
ET,1,BEAM188
MP,EX,1,E   
MP,PRXY,1,MU
!*  
/UI,BEAM,OFF
SECTYPE,1, BEAM, RECT   
SECDATA,H2,B
K,1,0,0,0   
L,1,2   
/REPLOT 
/DIST,1,0.924021086472,1
/REP,FAST   
/DIST,1,0.924021086472,1
/REP,FAST   
ALLSEL,ALL  
GPLOT   
/REPLOT 
K,2,L1,0,0  
GPLOT   
/PNUM,KP,1  
/PNUM,LINE,0
/PNUM,AREA,0
/PNUM,VOLU,0
/PNUM,NODE,0
/PNUM,TABN,0
/PNUM,SVAL,0
/PNUM,DOMA,0
/NUMBER,0   
!*  
/PNUM,ELEM,0
/REPLOT 
!*  
/PNUM,KP,1  
/PNUM,LINE,1
/PNUM,AREA,0
/PNUM,VOLU,0
/PNUM,NODE,0
/PNUM,TABN,0
/PNUM,SVAL,0
/PNUM,DOMA,0
/NUMBER,0   
!*  
/PNUM,ELEM,0
/REPLOT 
!*  
/REPLOT 
GPLOT   
LPLOT   
NPLOT   
GPLOT   
KPLOT   
/PNUM,KP,1  
/PNUM,LINE,1
/PNUM,AREA,0
/PNUM,VOLU,0
/PNUM,NODE,0
/PNUM,TABN,0
/PNUM,SVAL,0
/PNUM,DOMA,0
/NUMBER,0   
!*  
/PNUM,ELEM,0
/REPLOT 
!*  
!*  
/PSF,DEFA, ,1,0,1   
/PBF,DEFA, ,1   
/PSYMB,CS,0 
/PSYMB,NDIR,0   
/PSYMB,ESYS,0   
/PSYMB,LDIV,0   
/PSYMB,LDIR,0   
/PSYMB,ADIR,0   
/PSYMB,ECON,0   
/PSYMB,XNODE,0  
/PSYMB,DOT,1
/PSYMB,PCONV,   
/PSYMB,LAYR,0   
/PSYMB,FBCS,0   
!*  
/PBC,ALL, ,1
/REP
!*  
K,2,L1,0,0, 
GPLOT   
/REPLOT 
ALLSEL,ALL  
/AUTO,1 
/REP,FAST   
K,3,L1+L2,H1,0  
K,3,L1+L2,-H1,0 
K,4,L1+L2+L3,-H1,0  
L,1,2   
L,2,3   
L,3,4   
LFILLT,1,2,R1   
LFILLT,2,3,R2   
LESIZE,ALL,L1/20
LMESH,ALL   
GPLOT   
DK,1,ALL,0  
FK,4,FY,-F  
ANTYPE,0
NLGEOM,1
NSUBST,100,1000,100 
TIME,1  
OUTRES,ALL,ALL  
FINISH  
/SOL
/STATUS,SOLU
SOLVE   
/REPLOT,RESIZE  
/REPLOT,RESIZE  
FINISH  
/POST1  
PLDISP,1
/RGB,INDEX,100,100,100, 0   
/RGB,INDEX, 80, 80, 80,13   
/RGB,INDEX, 60, 60, 60,14   
/RGB,INDEX, 0, 0, 0,15  
/REPLOT 
SAVE
lab1.mac
key=1   
lab1
key=2   
lab1
key=1   
lab1
key=1   
PLDISP,1
SAVE
FINISH  
! /EXIT,ALL 
