/BATCH  
/COM,ANSYS RELEASE Release 17.0      BUILD 17.0      UP20151214       14:50:49
/input,menust,tmp,''
/GRA,POWER
/GST,ON
/PLO,INFO,3
/GRO,CURL,ON
/CPLANE,1   
/REPLOT,RESIZE  
WPSTYLE,,,,,,,,0
/REPLOT,RESIZE  
/REPLOT,RESIZE  
!*  
/NOPR   
KEYW,PR_SET,1   
KEYW,PR_STRUC,1 
KEYW,PR_THERM,0 
KEYW,PR_FLUID,0 
KEYW,PR_ELMAG,0 
KEYW,MAGNOD,0   
KEYW,MAGEDG,0   
KEYW,MAGHFE,0   
KEYW,MAGELC,0   
KEYW,PR_MULTI,0 
/GO 
!*  
/COM,   
/COM,Preferences for GUI filtering have been set to display:
/COM,  Structural   
!*  
!*  
!*  
/NOPR   
KEYW,PR_SET,1   
KEYW,PR_STRUC,1 
KEYW,PR_THERM,1 
KEYW,PR_FLUID,1 
KEYW,PR_ELMAG,1 
KEYW,MAGNOD,1   
KEYW,MAGEDG,1   
KEYW,MAGHFE,1   
KEYW,MAGELC,1   
KEYW,PR_MULTI,4 
/GO 
!*  
/COM,   
/COM,Preferences for GUI filtering have been set to display:
/COM,  Structural   
/COM,  Thermal  
/COM,  ANSYS Fluid  
/COM,  Magnetic-Nodal   
/COM,  Magnetic-Edge
/COM,  High Frequency   
/COM,  Electric 
!*  
*SET,H,2
*SET,B,6
*SET,L,30   
*SET,alfa1,1.9e-5   
*SET,alfa2,0.1e-5   
*SET,E1,2.16e5  
*SET,mu1,0.25   
*SET,E2,1.5e5   
*SET,mu2,0.25   
*SET,dT,100 
/PREP7  
ET,1,PLANE183   
MP,EX,1,E1  
MP,PRXY,1,mu
MP,ALPX,1,alfa1 
MP,REFT,1,0 
BLC4,0,0,b,h2   
BLC4,0,0,b,h2   
*SET,H2,12/11   
*SET,H1,10/11   
BLC4,0,0,b,h2   
BLC4,0,h2,b,h1  
NUMMRG,ALL  
LESIZE,1,,,2
MSHAPE,0,2D 
MSHKEY,1
AMESH,ALL   
EXTOPT,ESIZE,30 
EXTOPT,ATTR,1   
TYPE,   2   
EXTOPT,ESIZE,30 
EXTOPT,ATTR,1   
TYPE,   2   
ET,2,PLANE183   
MP,EX,2,E2  
!*  
MP,PRXY,1,mu1   
!*  
MP,PRXY,2,mu2   
MP,ALPX,2,alfa2 
MP,REFT,2,0 
!*  
!*  
EXTOPT,ESIZE,30 
EXTOPT,ATTR,1   
TYPE,   2   
GPLOT   
/VIEW,1,1,1,1   
/ANG,1  
/REP,FAST   
/VIEW,1,1,2,3   
/ANG,1  
/REP,FAST   
/VIEW,1,1,1,1   
/ANG,1  
/REP,FAST   
! VEXT,ALL,,,0,0,-L 
NUMMRG,ALL  
LESIZE,1,,,2
MSHAPE,0,2D 
MSHKEY,1
AMESH,ALL   
/REPLOT,RESIZE  
/REPLOT,RESIZE  
TYPE,   1   
EXTOPT,ESIZE,30,0,  
EXTOPT,ACLEAR,0 
!*  
EXTOPT,ATTR,1,0,0   
REAL,_Z4
ESYS,0  
!*  
TYPE,   1   
EXTOPT,ESIZE,30,0,  
EXTOPT,ACLEAR,0 
!*  
EXTOPT,ATTR,1,0,0   
REAL,_Z4
ESYS,0  
!*  
GPLOT   
/REPLOT 
VEXT,ALL,,,0,0,-L   
GPLOT   
ASEL,S,Loc,Z,0  
DA,ALL,ALL,0
ALLSEL,ALL  
BF,ALL,TEMP,dT  
ANTYPE,0
NLGEOM,1
NSUBST,100,1000,10  
OUTRES,ERASE
OUTRES,ALL,ALL  
TIME,1  
FINISH  
/SOL
/STATUS,SOLU
SOLVE   
FINISH  
/POST1  
/REPLOT,RESIZE  
PLDISP,1
/USER,  1   
/FOC,   1,   2.98904594776    ,   1.14574825179    , -0.134794199555
/REPLO  
/FOC,   1,   2.86717310020    ,   1.02749967015    ,  0.105327229652
/REPLO  
/DIST,  1,   2.11446294592  
/ANG,   1,   18.6000000000  
/REPLO  
/FOC,   1,   2.82804980972    ,   1.05624459794    ,  0.115705592345
/REPLO  
/VIEW,  1,  0.492396687396    ,  0.869484057671    ,  0.392807293432E-01
/ANG,   1,   49.0542210159  
/REPLO  
/VIEW,  1,  0.399543182734    ,  0.829779741847    ,  0.389654751223
/ANG,   1,   14.9753169016  
/REPLO  
/VIEW,  1,  0.208861972141    ,  0.682535460604    ,  0.700372773323
/ANG,   1,  -7.95047214171  
/REPLO  
/VIEW,  1,  0.152379886269    ,  0.392158687442    ,  0.907189028882
/ANG,   1,  -11.9505110747  
/REPLO  
/VIEW,  1,  0.498263949227E-01, -0.240010351704    ,  0.969490774295
/ANG,   1,  -11.7652378672  
/REPLO  
/VIEW,  1,  0.724214075343    ,  0.201210246733    ,  0.659566834888
/ANG,   1,  -6.95093882783  
/REPLO  
/VIEW,  1,  0.725111184156    ,  0.277508244469    ,  0.630240386570
/ANG,   1,  -1.71383554235  
/REPLO  
/VIEW,  1,  0.714886586738    ,  0.317477740376    ,  0.623012883068
/ANG,   1,  -1.73635734743  
/REPLO  
GPLOT   
/FOC,   1,   2.83594413004    ,   1.15699937145    ,  0.553040459950E-01
/REPLO  
/VIEW,  1,  0.823815599025    ,  0.360402933969    ,  0.437535808809
/ANG,   1,   2.65723737069  
/REPLO  
/DIST,1,1.08222638492,1 
/REP,FAST   
/DIST,1,1.08222638492,1 
/REP,FAST   
/DIST,1,1.08222638492,1 
/REP,FAST   
/DIST,1,1.08222638492,1 
/REP,FAST   
/DIST,1,1.08222638492,1 
/REP,FAST   
/DIST,1,1.08222638492,1 
/REP,FAST   
/DIST,1,1.08222638492,1 
/REP,FAST   
/DIST,1,1.08222638492,1 
/REP,FAST   
/DIST,1,1.08222638492,1 
/REP,FAST   
/DIST,  1,   4.61597121149  
/ANG,   1,  -10.5427626293  
/REPLO  
/FOC,   1,   3.55639852556    ,   1.65017036610    ,  -1.70743588822
/REPLO  
/FOC,   1,   4.51546995613    ,   1.90605984208    ,  -3.72400528718
/REPLO  
/VIEW,  1,  0.670100995283    ,  0.724401841599    ,  0.161884613255
/ANG,   1,  -1.72018525927  
/REPLO  
/VIEW,  1,  0.976651248553    ,  0.144995336579    ,  0.158520317528
/ANG,   1,  0.791708920922  
/REPLO  
/DIST,1,1.08222638492,1 
/REP,FAST   
/DIST,1,1.08222638492,1 
/REP,FAST   
/DIST,1,1.08222638492,1 
/REP,FAST   
/DIST,1,1.08222638492,1 
/REP,FAST   
/DIST,1,1.08222638492,1 
/REP,FAST   
/DIST,1,1.08222638492,1 
/REP,FAST   
/DIST,1,1.08222638492,1 
/REP,FAST   
/DIST,1,1.08222638492,1 
/REP,FAST   
/DIST,1,1.08222638492,1 
/REP,FAST   
/DIST,1,1.08222638492,1 
/REP,FAST   
/DIST,1,0.924021086472,1
/REP,FAST   
/DIST,1,1.08222638492,1 
/REP,FAST   
/DIST,1,1.08222638492,1 
/REP,FAST   
/DIST,1,1.08222638492,1 
/REP,FAST   
/VIEW,  1,  0.297150123254    ,  0.333368609888    ,  0.894744194835
/ANG,   1,  -19.9401304677  
/REPLO  
/FOC,   1,   4.59507857557    ,   3.89674589456    ,  -4.49214433417
/REPLO  
/VIEW,  1,  0.351767275887    ,  0.340211823219    ,  0.872075512188
/ANG,   1,  -9.44235233100  
/REPLO  
/DIST,1,0.924021086472,1
/REP,FAST   
/DIST,1,0.924021086472,1
/REP,FAST   
/DIST,1,0.924021086472,1
/REP,FAST   
/DIST,1,0.924021086472,1
/REP,FAST   
/DIST,1,0.924021086472,1
/REP,FAST   
/VIEW,  1,  0.422176807123    ,  0.406632492056    ,  0.810195507228
/ANG,   1,  -7.42112770027  
/REPLO  
/VIEW,  1,  0.604345942630    ,  0.575514953568    ,  0.550952375298
/ANG,   1,   2.21450927553  
/REPLO  
/VIEW,  1,  0.615103761518    ,  0.574947600070    ,  0.539520731520
/ANG,   1,   2.84681044835  
/REPLO  
/FOC,   1,   5.59500958918    ,   4.64881756183    ,  -6.43361398809
/REPLO  
/FOC,   1,   6.36930793194    ,   5.58628663005    ,  -8.31541269344
/REPLO  
/DIST,1,1.08222638492,1 
/REP,FAST   
/DIST,1,1.08222638492,1 
/REP,FAST   
/DIST,1,1.08222638492,1 
/REP,FAST   
/DIST,1,1.08222638492,1 
/REP,FAST   
/DIST,1,1.08222638492,1 
/REP,FAST   
/DIST,1,1.08222638492,1 
/REP,FAST   
/DIST,1,0.924021086472,1
/REP,FAST   
/DIST,1,0.924021086472,1
/REP,FAST   
!*  
PRNSOL,EPTH,PRIN
PRNSOL,EPTH,PRIN
PRNSOL,EPTH,PRIN
!*  
/EFACET,1   
PLNSOL, EPTH,EQV, 0,1.0 
/EFACET,1   
PLNSOL, BFE,TEMP, 0,1.0 
/EFACET,1   
PLNSOL, BFE,TEMP, 0,1.0 
GPLOT   
NPLOT   
FINISH  
/PREP7  
ET,2,SOLID186   
EXTOPT,ESIZE,30 
EXTOPT,ATTR,1   
TYPE,   2   
GPLOT   
NUMMRG,ALL  
LESIZE,1,,,2
MSHAPE,0,2D 
MSHKEY,1
! AMESH,ALL 
/FOC,   1,   7.69108720400    ,   6.38509169303    ,  -10.6736213436
/REPLO  
/VIEW,  1,  0.370402972883    ,  0.405941350084    ,  0.835471877427
/ANG,   1,  -11.7418991021  
/REPLO  
/VIEW,  1,  0.239786344805    ,  0.227172139278    ,  0.943872516806
/ANG,   1,  -14.7977148070  
/REPLO  
/VIEW,  1,  0.925204131959E-01,  0.609763509097E-01,  0.993841968208
/ANG,   1,  -16.1686431180  
/REPLO  
/VIEW,  1, -0.228488083331E-01,  0.271430042501E-01,  0.999370396439
/ANG,   1,  -16.4610924993  
/REPLO  
/VIEW,  1,  0.653739657848    ,  0.233871544172    ,  0.719672537049
/ANG,   1,  -10.0294132695  
/REPLO  
/VIEW,  1,  0.562779104252    ,  0.510124320995    ,  0.650425135544
/ANG,   1,  -10.5906903717  
/REPLO  
/DIST,1,1.08222638492,1 
/REP,FAST   
/DIST,1,1.08222638492,1 
/REP,FAST   
/DIST,1,1.08222638492,1 
/REP,FAST   
/DIST,1,0.924021086472,1
/REP,FAST   
/DIST,1,0.924021086472,1
/REP,FAST   
! /clear
! /clear
! /BATCH
/COM,ANSYS RELEASE Release 17.0      BUILD 17.0      UP20151214       14:50:49  
/input,menust,tmp,''
/GRA,POWER  
/GST,ON 
/PLO,INFO,3 
/GRO,CURL,ON
/CPLANE,1   
/REPLOT,RESIZE  
WPSTYLE,,,,,,,,0
/REPLOT,RESIZE  
/REPLOT,RESIZE  
!*  
/NOPR   
KEYW,PR_SET,1   
KEYW,PR_STRUC,1 
KEYW,PR_THERM,0 
KEYW,PR_FLUID,0 
KEYW,PR_ELMAG,0 
KEYW,MAGNOD,0   
KEYW,MAGEDG,0   
KEYW,MAGHFE,0   
KEYW,MAGELC,0   
KEYW,PR_MULTI,0 
/GO 
!*  
/COM,   
/COM,Preferences for GUI filtering have been set to display:
/COM,  Structural   
!*  
!*  
!*  
/NOPR   
KEYW,PR_SET,1   
KEYW,PR_STRUC,1 
KEYW,PR_THERM,1 
KEYW,PR_FLUID,1 
KEYW,PR_ELMAG,1 
KEYW,MAGNOD,1   
KEYW,MAGEDG,1   
KEYW,MAGHFE,1   
KEYW,MAGELC,1   
KEYW,PR_MULTI,4 
/GO 
!*  
/COM,   
/COM,Preferences for GUI filtering have been set to display:
/COM,  Structural   
/COM,  Thermal  
/COM,  ANSYS Fluid  
/COM,  Magnetic-Nodal   
/COM,  Magnetic-Edge
/COM,  High Frequency   
/COM,  Electric 
!*  
*SET,H,2
*SET,B,6
*SET,L,30   
*SET,alfa1,1.9e-5   
*SET,alfa2,0.1e-5   
*SET,E1,2.16e5  
*SET,mu1,0.25   
*SET,E2,1.5e5   
*SET,mu2,0.25   
*SET,dT,100 
ET,1,PLANE183   
MP,EX,1,E1  
! MP,PRXY,1,mu  
MP,ALPX,1,alfa1 
MP,REFT,1,0 
BLC4,0,0,b,h2   
BLC4,0,0,b,h2   
*SET,H2,12/11   
*SET,H1,10/11   
RESUME  
/COM,ANSYS RELEASE Release 17.0      BUILD 17.0      UP20151214       15:17:26
/REPLOT,RESIZE  
RESUME  
/COM,ANSYS RELEASE Release 17.0      BUILD 17.0      UP20151214       15:17:29
FINISH  
! /EXIT,NOSAV   
/BATCH  
/COM,ANSYS RELEASE Release 17.0      BUILD 17.0      UP20151214       15:17:40
/input,menust,tmp,''
/GRA,POWER
/GST,ON
/PLO,INFO,3
/GRO,CURL,ON
/CPLANE,1   
/REPLOT,RESIZE  
WPSTYLE,,,,,,,,0
/COM,ANSYS RELEASE Release 17.0      BUILD 17.0      UP20151214       14:50:49  
/input,menust,tmp,''
/GRA,POWER  
/GST,ON 
/PLO,INFO,3 
/GRO,CURL,ON
/CPLANE,1   
/REPLOT,RESIZE  
WPSTYLE,,,,,,,,0
/REPLOT,RESIZE  
/REPLOT,RESIZE  
!*  
/NOPR   
KEYW,PR_SET,1   
KEYW,PR_STRUC,1 
KEYW,PR_THERM,0 
KEYW,PR_FLUID,0 
KEYW,PR_ELMAG,0 
KEYW,MAGNOD,0   
KEYW,MAGEDG,0   
KEYW,MAGHFE,0   
KEYW,MAGELC,0   
KEYW,PR_MULTI,0 
/GO 
!*  
/COM,   
/COM,Preferences for GUI filtering have been set to display:
/COM,  Structural   
!*  
!*  
!*  
/NOPR   
KEYW,PR_SET,1   
KEYW,PR_STRUC,1 
KEYW,PR_THERM,1 
KEYW,PR_FLUID,1 
KEYW,PR_ELMAG,1 
KEYW,MAGNOD,1   
KEYW,MAGEDG,1   
KEYW,MAGHFE,1   
KEYW,MAGELC,1   
KEYW,PR_MULTI,4 
/GO 
!*  
/COM,   
/COM,Preferences for GUI filtering have been set to display:
/COM,  Structural   
/COM,  Thermal  
/COM,  ANSYS Fluid  
/COM,  Magnetic-Nodal   
/COM,  Magnetic-Edge
/COM,  High Frequency   
/COM,  Electric 
!*  
*SET,H,2
*SET,B,6
*SET,L,30   
*SET,alfa1,1.9e-5   
*SET,alfa2,0.1e-5   
*SET,E1,2.16e5  
*SET,mu1,0.25   
*SET,E2,1.5e5   
*SET,mu2,0.25   
*SET,dT,100 
/PREP7  
ET,1,PLANE183   
MP,EX,1,E1  
MP,PRXY,1,mu
MP,ALPX,1,alfa1 
MP,REFT,1,0 
BLC4,0,0,b,h2   
BLC4,0,0,b,h2   
*SET,H2,12/11   
*SET,H1,10/11   
GPLOT   
MP,PRXY,1,mu1   
!*  
ET,2,186
MP,EX,2,E2  
MP,PRXY,2,mu2   
MP,PRXY,2,mu2   
MP,ALPX,1,alfa1 
MP,ALPX,2,alfa2 
MP,REFT,2,0 
BLC4,0,0,b,h2   
BLC4,0,h2,b,h1  
NUMMRG,ALL  
LESIZE,1,,,2
MSHAPE,0,2D 
MSHKEY,1
AMESH,ALL   
SAVE
EXTOPT,ESIZE,30 
EXTOPT,ATTR,1   
TYPE,   2   
/VIEW,1,1,2,3   
/ANG,1  
/REP,FAST   
GPLOT   
/VIEW,1,1,1,1   
/ANG,1  
/REP,FAST   
/VIEW,1,1,2,3   
/ANG,1  
/REP,FAST   
EPLOT   
EXTOPT,ESIZE,30 
EXTOPT,ATTR,1   
TYPE,   2   
VEXT,ALL,,,0,0,-L   
ASEL,S,Loc,Z,0  
DA,ALL,ALL,0
ALLSEL,ALL  
GPLOT   
SAVE
BF,ALL,TEMP,dT  
ANTYPE,0
NLGEOM,1
NSUBST,100,1000,10  
OUTRES,ERASE
OUTRES,ALL,ALL  
TIME,1  
FINISH  
/SOL
/STATUS,SOLU
SOLVE   
FINISH  
/POST1  
PLDISP,1
!*  
/DSCALE,ALL,AUTO
PLDISP,1
/VIEW,1,,,1 
/ANG,1  
/REP,FAST   
/VIEW,1,1   
/ANG,1  
/REP,FAST   
/VIEW,1,,1  
/ANG,1  
/REP,FAST   
/VIEW,1,,,-1
/ANG,1  
/REP,FAST   
/VIEW,1,-1  
/ANG,1  
/REP,FAST   
/VIEW,1,,1  
/ANG,1  
/REP,FAST   
/VIEW,1,,,-1
/ANG,1  
/REP,FAST   
/VIEW,1,1   
/ANG,1  
/REP,FAST   
!*  
/EFACET,1   
PLNSOL, BFE,TEMP, 0,1.0 
/VIEW,1,,,1 
/ANG,1  
/REP,FAST   
/VIEW,1,1   
/ANG,1  
/REP,FAST   
/VIEW,1,,1  
/ANG,1  
/REP,FAST   
/USER,  1   
/VIEW,  1,  0.476248577439    ,  0.519581584648E-01,  0.877774254724
/ANG,   1,   26.8575523716  
/REPLO  
/VIEW,  1, -0.801513863803    ,  0.654579166412E-01,  0.594382694297
/ANG,   1,   12.8811266713  
/REPLO  
/VIEW,  1,  0.724000485348    ,  0.691921852247E-01,  0.686320434432
/ANG,   1,   1.71275226668  
/REPLO  
/VIEW,  1,  0.937346677106    ,  0.138532342906    ,  0.319671701731
/ANG,   1,   3.74066561741  
/REPLO  
/VIEW,  1,  0.996457938206    ,  0.337278680499E-01,  0.770325145862E-01
/ANG,   1,   2.35979256035  
/REPLO  
/VIEW,  1,  0.986099368576    ,  0.629631728023E-01,  0.153764996553
/ANG,   1,   2.15980131367  
/REPLO  
/VIEW,  1,  0.989826525264    ,  0.270483859330E-01,  0.139684769044
/ANG,   1,   1.72379749802  
/REPLO  
/VIEW,  1,  0.431082186455    ,  0.160803524422E-01,  0.902169369235
/ANG,   1,  0.967972291064  
/REPLO  
/VIEW,  1, -0.512002538300E-02,  0.824720647986E-01,  0.996580224502
/ANG,   1, -0.966426745673  
/REPLO  
/VIEW,  1,  0.995560027907    ,  0.848418579150E-01, -0.407687377741E-01
/ANG,   1,   1.35886551768  
/REPLO  
!*  
/EFACET,1   
PLNSOL, U,SUM, 0,1.0
!*  
/EFACET,1   
PLNSOL, EPTH,EQV, 0,1.0 
/REPLO  
GPLOT   
/VIEW,  1,  0.493207006785    ,  0.355012331413E-01,  0.869187270330
/ANG,   1,  -3.65307788439  
/REPLO  
/FOC,   1,   1.73180631336    ,   1.25092347763    ,  -15.0366304831
/REPLO  
/FOC,   1,   1.52874007473    ,   1.79870672805    ,  -14.9437774080
/REPLO  
EPLOT   
/FOC,   1,   1.17665945504    ,   2.89824362490    ,  -14.7889043243
/REPLO  
/VIEW,  1,  0.609206255377    ,  0.246079418052    ,  0.753865146044
/ANG,   1,  -2.08869689848  
/REPLO  
/VIEW,  1,  0.911710624456    ,  0.225411634242    ,  0.343472462364
/ANG,   1,   1.88386323280  
/REPLO  
!*  
/PSF,DEFA, ,1,0,1   
/PBF,DEFA, ,1   
/PSYMB,CS,0 
/PSYMB,NDIR,0   
/PSYMB,ESYS,0   
/PSYMB,LDIV,0   
/PSYMB,LDIR,0   
/PSYMB,ADIR,0   
/PSYMB,ECON,0   
/PSYMB,XNODE,0  
/PSYMB,DOT,1
/PSYMB,PCONV,   
/PSYMB,LAYR,0   
/PSYMB,FBCS,0   
!*  
/PBC,ALL,,1 
/PBC,NFOR,,0
/PBC,NMOM,,0
/PBC,RFOR,,0
/PBC,RMOM,,0
/PBC,PATH,,0
/REP
!*  
!*  
/EFACET,1   
PLNSOL, EPTH,EQV, 0,1.0 
!*  
/EFACET,1   
PLNSOL, EPTO,EQV, 0,1.0 
!*  
/DSCALE,ALL,AUTO
/EFACET,1   
PLNSOL, EPTO,EQV, 0,1.0 
!*  
/DSCALE,ALL,AUTO
/EFACET,1   
PLNSOL, EPTO,EQV, 1,1.0 
/EFACET,1   
PLNSOL, EPTO,EQV, 1,1.0 
/VIEW,1,,,1 
/ANG,1  
/REP,FAST   
/VIEW,1,1   
/ANG,1  
/REP,FAST   
FINISH  
/PREP7  
/PNUM,KP,0  
/PNUM,LINE,0
/PNUM,AREA,0
/PNUM,VOLU,0
/PNUM,NODE,0
/PNUM,TABN,0
/PNUM,SVAL,0
/PNUM,DOMA,0
/NUMBER,0   
!*  
/PNUM,MAT,1 
/REPLOT 
!*  
/VIEW,1,1,1,1   
/ANG,1  
/REP,FAST   
SAVE
FINISH  
! /EXIT,ALL 
